TN:
SF:src/controllers/healthController.ts
FN:3,(anonymous_0)
FNF:1
FNH:1
FNDA:1,(anonymous_0)
DA:3,1
DA:4,1
LF:2
LH:2
BRF:0
BRH:0
end_of_record
TN:
SF:src/routes/healthRoutes.ts
FNF:0
FNH:0
DA:1,1
DA:2,1
DA:4,1
DA:6,1
DA:8,1
LF:5
LH:5
BRF:0
BRH:0
end_of_record
TN:
SF:src/services/ChannelHandlerFactory.ts
FN:10,(anonymous_0)
FNF:1
FNH:1
FNDA:2,(anonymous_0)
DA:2,2
DA:4,2
DA:5,2
DA:11,2
LF:4
LH:4
BRDA:11,0,0,2
BRDA:11,0,1,1
BRF:2
BRH:2
end_of_record
TN:
SF:src/services/NotificationService.ts
FN:7,(anonymous_0)
FNF:1
FNH:1
FNDA:3,(anonymous_0)
DA:2,1
DA:3,1
DA:4,1
DA:6,1
DA:8,3
DA:10,3
DA:11,1
DA:12,1
DA:15,2
DA:16,2
DA:17,2
DA:19,2
DA:20,1
DA:23,1
DA:28,1
DA:29,1
DA:30,1
DA:31,1
DA:32,1
DA:33,1
DA:35,0
LF:21
LH:20
BRDA:10,0,0,1
BRDA:19,1,0,1
BRDA:30,2,0,1
BRDA:32,3,0,1
BRDA:32,3,1,0
BRF:5
BRH:4
end_of_record
TN:
SF:src/services/handlers/SlackHandler.ts
FN:7,(anonymous_1)
FNF:1
FNH:1
FNDA:4,(anonymous_1)
DA:1,3
DA:3,3
DA:6,3
DA:8,4
DA:9,4
DA:10,1
DA:13,3
DA:18,3
DA:19,3
DA:21,3
DA:22,3
DA:23,2
DA:25,1
DA:26,1
LF:14
LH:14
BRDA:9,0,0,1
BRDA:13,1,0,1
BRDA:13,1,1,2
BRF:3
BRH:3
end_of_record
TN:
SF:src/utils/db.ts
FN:8,getDb
FNF:1
FNH:1
FNDA:3,getDb
DA:1,2
DA:3,2
DA:4,2
DA:6,2
DA:8,2
DA:9,3
DA:10,1
DA:11,1
DA:12,1
DA:14,3
LF:10
LH:10
BRDA:3,0,0,2
BRDA:3,0,1,2
BRDA:9,1,0,1
BRF:3
BRH:3
end_of_record
TN:
SF:src/utils/logger.ts
FN:23,(anonymous_1)
FNF:1
FNH:0
FNDA:0,(anonymous_1)
DA:1,3
DA:2,3
DA:4,3
DA:9,3
DA:17,3
DA:23,3
DA:24,0
DA:27,3
LF:8
LH:7
BRDA:18,0,0,3
BRDA:18,0,1,3
BRF:2
BRH:2
end_of_record
