{"/Users/jageen.shukla/Documents/Projects/Personal/RepliQ/repliq-backend/api-gateway/src/config/services.ts": {"path":"/Users/jageen.shukla/Documents/Projects/Personal/RepliQ/repliq-backend/api-gateway/src/config/services.ts","statementMap":{"0":{"start":{"line":11,"column":13},"end":{"line":55,"column":2}}},"fnMap":{},"branchMap":{"0":{"loc":{"start":{"line":14,"column":9},"end":{"line":14,"column":75}},"type":"binary-expr","locations":[{"start":{"line":14,"column":9},"end":{"line":14,"column":41}},{"start":{"line":14,"column":45},"end":{"line":14,"column":75}}]},"1":{"loc":{"start":{"line":20,"column":9},"end":{"line":20,"column":77}},"type":"binary-expr","locations":[{"start":{"line":20,"column":9},"end":{"line":20,"column":42}},{"start":{"line":20,"column":46},"end":{"line":20,"column":77}}]},"2":{"loc":{"start":{"line":26,"column":9},"end":{"line":26,"column":67}},"type":"binary-expr","locations":[{"start":{"line":26,"column":9},"end":{"line":26,"column":37}},{"start":{"line":26,"column":41},"end":{"line":26,"column":67}}]},"3":{"loc":{"start":{"line":33,"column":9},"end":{"line":33,"column":75}},"type":"binary-expr","locations":[{"start":{"line":33,"column":9},"end":{"line":33,"column":41}},{"start":{"line":33,"column":45},"end":{"line":33,"column":75}}]},"4":{"loc":{"start":{"line":39,"column":9},"end":{"line":39,"column":59}},"type":"binary-expr","locations":[{"start":{"line":39,"column":9},"end":{"line":39,"column":33}},{"start":{"line":39,"column":37},"end":{"line":39,"column":59}}]},"5":{"loc":{"start":{"line":45,"column":9},"end":{"line":45,"column":73}},"type":"binary-expr","locations":[{"start":{"line":45,"column":9},"end":{"line":45,"column":40}},{"start":{"line":45,"column":44},"end":{"line":45,"column":73}}]},"6":{"loc":{"start":{"line":51,"column":9},"end":{"line":51,"column":67}},"type":"binary-expr","locations":[{"start":{"line":51,"column":9},"end":{"line":51,"column":37}},{"start":{"line":51,"column":41},"end":{"line":51,"column":67}}]}},"s":{"0":2},"f":{},"b":{"0":[2,2],"1":[2,2],"2":[2,2],"3":[2,2],"4":[2,2],"5":[2,2],"6":[2,2]}}
,"/Users/jageen.shukla/Documents/Projects/Personal/RepliQ/repliq-backend/api-gateway/src/middlewares/errorHandler.ts": {"path":"/Users/jageen.shukla/Documents/Projects/Personal/RepliQ/repliq-backend/api-gateway/src/middlewares/errorHandler.ts","statementMap":{"0":{"start":{"line":6,"column":0},"end":{"line":6,"column":16}},"1":{"start":{"line":4,"column":0},"end":{"line":4,"column":55}},"2":{"start":{"line":5,"column":15},"end":{"line":5,"column":60}},"3":{"start":{"line":7,"column":2},"end":{"line":7,"column":50}},"4":{"start":{"line":8,"column":2},"end":{"line":8,"column":59}}},"fnMap":{"0":{"name":"errorHandler","decl":{"start":{"line":6,"column":16},"end":{"line":6,"column":28}},"loc":{"start":{"line":6,"column":88},"end":{"line":9,"column":1}}}},"branchMap":{},"s":{"0":2,"1":2,"2":2,"3":1,"4":1},"f":{"0":1},"b":{}}
,"/Users/jageen.shukla/Documents/Projects/Personal/RepliQ/repliq-backend/api-gateway/src/middlewares/logger.ts": {"path":"/Users/jageen.shukla/Documents/Projects/Personal/RepliQ/repliq-backend/api-gateway/src/middlewares/logger.ts","statementMap":{"0":{"start":{"line":2,"column":0},"end":{"line":2,"column":28}},"1":{"start":{"line":5,"column":13},"end":{"line":5,"column":46}}},"fnMap":{},"branchMap":{},"s":{"0":1,"1":1},"f":{},"b":{}}
,"/Users/jageen.shukla/Documents/Projects/Personal/RepliQ/repliq-backend/api-gateway/src/routes/health.ts": {"path":"/Users/jageen.shukla/Documents/Projects/Personal/RepliQ/repliq-backend/api-gateway/src/routes/health.ts","statementMap":{"0":{"start":{"line":3,"column":0},"end":{"line":3,"column":30}},"1":{"start":{"line":4,"column":0},"end":{"line":4,"column":26}},"2":{"start":{"line":5,"column":0},"end":{"line":5,"column":46}},"3":{"start":{"line":6,"column":0},"end":{"line":6,"column":50}},"4":{"start":{"line":7,"column":0},"end":{"line":7,"column":55}},"5":{"start":{"line":9,"column":15},"end":{"line":9,"column":54}},"6":{"start":{"line":11,"column":15},"end":{"line":11,"column":31}},"7":{"start":{"line":13,"column":0},"end":{"line":49,"column":3}},"8":{"start":{"line":14,"column":26},"end":{"line":14,"column":61}},"9":{"start":{"line":14,"column":49},"end":{"line":14,"column":60}},"10":{"start":{"line":15,"column":18},"end":{"line":37,"column":null}},"11":{"start":{"line":17,"column":24},"end":{"line":17,"column":43}},"12":{"start":{"line":19,"column":6},"end":{"line":21,"column":7}},"13":{"start":{"line":20,"column":8},"end":{"line":20,"column":75}},"14":{"start":{"line":22,"column":6},"end":{"line":36,"column":7}},"15":{"start":{"line":23,"column":8},"end":{"line":23,"column":54}},"16":{"start":{"line":24,"column":8},"end":{"line":24,"column":48}},"17":{"start":{"line":26,"column":21},"end":{"line":26,"column":36}},"18":{"start":{"line":27,"column":8},"end":{"line":33,"column":9}},"19":{"start":{"line":28,"column":10},"end":{"line":28,"column":49}},"20":{"start":{"line":29,"column":15},"end":{"line":33,"column":9}},"21":{"start":{"line":30,"column":10},"end":{"line":30,"column":28}},"22":{"start":{"line":31,"column":15},"end":{"line":33,"column":9}},"23":{"start":{"line":32,"column":10},"end":{"line":32,"column":31}},"24":{"start":{"line":34,"column":8},"end":{"line":34,"column":88}},"25":{"start":{"line":35,"column":8},"end":{"line":35,"column":58}},"26":{"start":{"line":41,"column":23},"end":{"line":41,"column":27}},"27":{"start":{"line":42,"column":23},"end":{"line":42,"column":41}},"28":{"start":{"line":43,"column":25},"end":{"line":43,"column":104}},"29":{"start":{"line":43,"column":57},"end":{"line":43,"column":103}},"30":{"start":{"line":43,"column":74},"end":{"line":43,"column":88}},"31":{"start":{"line":44,"column":18},"end":{"line":44,"column":68}},"32":{"start":{"line":45,"column":2},"end":{"line":45,"column":69}},"33":{"start":{"line":47,"column":16},"end":{"line":47,"column":53}},"34":{"start":{"line":47,"column":35},"end":{"line":47,"column":52}},"35":{"start":{"line":48,"column":2},"end":{"line":48,"column":91}},"36":{"start":{"line":51,"column":0},"end":{"line":51,"column":22}}},"fnMap":{"0":{"name":"(anonymous_1)","decl":{"start":{"line":13,"column":16},"end":{"line":13,"column":21}},"loc":{"start":{"line":13,"column":36},"end":{"line":49,"column":1}}},"1":{"name":"(anonymous_2)","decl":{"start":{"line":14,"column":42},"end":{"line":14,"column":45}},"loc":{"start":{"line":14,"column":49},"end":{"line":14,"column":60}}},"2":{"name":"(anonymous_3)","decl":{"start":{"line":16,"column":24},"end":{"line":16,"column":29}},"loc":{"start":{"line":16,"column":38},"end":{"line":37,"column":5}}},"3":{"name":"(anonymous_4)","decl":{"start":{"line":43,"column":46},"end":{"line":43,"column":53}},"loc":{"start":{"line":43,"column":57},"end":{"line":43,"column":103}}},"4":{"name":"(anonymous_5)","decl":{"start":{"line":43,"column":68},"end":{"line":43,"column":71}},"loc":{"start":{"line":43,"column":74},"end":{"line":43,"column":88}}},"5":{"name":"(anonymous_6)","decl":{"start":{"line":47,"column":30},"end":{"line":47,"column":31}},"loc":{"start":{"line":47,"column":35},"end":{"line":47,"column":52}}}},"branchMap":{"0":{"loc":{"start":{"line":19,"column":6},"end":{"line":21,"column":7}},"type":"if","locations":[{"start":{"line":19,"column":6},"end":{"line":21,"column":7}}]},"1":{"loc":{"start":{"line":27,"column":8},"end":{"line":33,"column":9}},"type":"if","locations":[{"start":{"line":27,"column":8},"end":{"line":33,"column":9}},{"start":{"line":29,"column":15},"end":{"line":33,"column":9}}]},"2":{"loc":{"start":{"line":29,"column":15},"end":{"line":33,"column":9}},"type":"if","locations":[{"start":{"line":29,"column":15},"end":{"line":33,"column":9}},{"start":{"line":31,"column":15},"end":{"line":33,"column":9}}]},"3":{"loc":{"start":{"line":31,"column":15},"end":{"line":33,"column":9}},"type":"if","locations":[{"start":{"line":31,"column":15},"end":{"line":33,"column":9}}]},"4":{"loc":{"start":{"line":45,"column":42},"end":{"line":45,"column":65}},"type":"cond-expr","locations":[{"start":{"line":45,"column":52},"end":{"line":45,"column":56}},{"start":{"line":45,"column":59},"end":{"line":45,"column":65}}]},"5":{"loc":{"start":{"line":48,"column":13},"end":{"line":48,"column":30}},"type":"cond-expr","locations":[{"start":{"line":48,"column":21},"end":{"line":48,"column":24}},{"start":{"line":48,"column":27},"end":{"line":48,"column":30}}]},"6":{"loc":{"start":{"line":48,"column":47},"end":{"line":48,"column":68}},"type":"cond-expr","locations":[{"start":{"line":48,"column":55},"end":{"line":48,"column":59}},{"start":{"line":48,"column":62},"end":{"line":48,"column":68}}]}},"s":{"0":3,"1":3,"2":3,"3":3,"4":3,"5":3,"6":3,"7":3,"8":4,"9":4,"10":4,"11":4,"12":4,"13":4,"14":4,"15":4,"16":2,"17":2,"18":2,"19":1,"20":1,"21":1,"22":0,"23":0,"24":2,"25":2,"26":4,"27":4,"28":4,"29":4,"30":3,"31":4,"32":4,"33":4,"34":6,"35":4,"36":3},"f":{"0":4,"1":4,"2":4,"3":4,"4":3,"5":6},"b":{"0":[4],"1":[1,1],"2":[1,0],"3":[0],"4":[3,1],"5":[1,3],"6":[1,3]}}
,"/Users/jageen.shukla/Documents/Projects/Personal/RepliQ/repliq-backend/api-gateway/src/routes/proxy.ts": {"path":"/Users/jageen.shukla/Documents/Projects/Personal/RepliQ/repliq-backend/api-gateway/src/routes/proxy.ts","statementMap":{"0":{"start":{"line":2,"column":0},"end":{"line":2,"column":30}},"1":{"start":{"line":3,"column":0},"end":{"line":3,"column":62}},"2":{"start":{"line":5,"column":15},"end":{"line":5,"column":31}},"3":{"start":{"line":8,"column":0},"end":{"line":8,"column":46}},"4":{"start":{"line":11,"column":21},"end":{"line":11,"column":106}},"5":{"start":{"line":11,"column":44},"end":{"line":11,"column":55}},"6":{"start":{"line":11,"column":69},"end":{"line":11,"column":104}},"7":{"start":{"line":13,"column":0},"end":{"line":22,"column":3}},"8":{"start":{"line":14,"column":2},"end":{"line":21,"column":4}},"9":{"start":{"line":19,"column":26},"end":{"line":19,"column":63}},"10":{"start":{"line":24,"column":0},"end":{"line":24,"column":22}}},"fnMap":{"0":{"name":"(anonymous_1)","decl":{"start":{"line":11,"column":37},"end":{"line":11,"column":40}},"loc":{"start":{"line":11,"column":44},"end":{"line":11,"column":55}}},"1":{"name":"(anonymous_2)","decl":{"start":{"line":11,"column":61},"end":{"line":11,"column":64}},"loc":{"start":{"line":11,"column":69},"end":{"line":11,"column":104}}},"2":{"name":"(anonymous_3)","decl":{"start":{"line":13,"column":21},"end":{"line":13,"column":22}},"loc":{"start":{"line":13,"column":42},"end":{"line":22,"column":1}}},"3":{"name":"(anonymous_4)","decl":{"start":{"line":19,"column":19},"end":{"line":19,"column":20}},"loc":{"start":{"line":19,"column":26},"end":{"line":19,"column":63}}}},"branchMap":{},"s":{"0":1,"1":1,"2":1,"3":1,"4":1,"5":7,"6":3,"7":1,"8":3,"9":0,"10":1},"f":{"0":7,"1":3,"2":3,"3":0},"b":{}}
,"/Users/jageen.shukla/Documents/Projects/Personal/RepliQ/repliq-backend/api-gateway/src/utils/logger.ts": {"path":"/Users/jageen.shukla/Documents/Projects/Personal/RepliQ/repliq-backend/api-gateway/src/utils/logger.ts","statementMap":{"0":{"start":{"line":1,"column":0},"end":{"line":1,"column":30}},"1":{"start":{"line":3,"column":15},"end":{"line":14,"column":2}},"2":{"start":{"line":8,"column":6},"end":{"line":8,"column":107}},"3":{"start":{"line":20,"column":9},"end":{"line":20,"column":15}},"4":{"start":{"line":16,"column":36},"end":{"line":18,"column":1}},"5":{"start":{"line":17,"column":2},"end":{"line":17,"column":32}},"6":{"start":{"line":16,"column":13},"end":{"line":16,"column":36}}},"fnMap":{"0":{"name":"(anonymous_1)","decl":{"start":{"line":7,"column":26},"end":{"line":7,"column":27}},"loc":{"start":{"line":7,"column":69},"end":{"line":9,"column":5}}},"1":{"name":"(anonymous_2)","decl":{"start":{"line":16,"column":36},"end":{"line":16,"column":37}},"loc":{"start":{"line":16,"column":55},"end":{"line":18,"column":1}}}},"branchMap":{"0":{"loc":{"start":{"line":8,"column":52},"end":{"line":8,"column":104}},"type":"cond-expr","locations":[{"start":{"line":8,"column":79},"end":{"line":8,"column":99}},{"start":{"line":8,"column":102},"end":{"line":8,"column":104}}]}},"s":{"0":9,"1":9,"2":10,"3":9,"4":9,"5":10,"6":9},"f":{"0":10,"1":10},"b":{"0":[10,0]}}
,"/Users/jageen.shukla/Documents/Projects/Personal/RepliQ/repliq-backend/api-gateway/src/utils/mongo.ts": {"path":"/Users/jageen.shukla/Documents/Projects/Personal/RepliQ/repliq-backend/api-gateway/src/utils/mongo.ts","statementMap":{"0":{"start":{"line":10,"column":0},"end":{"line":10,"column":7}},"1":{"start":{"line":21,"column":0},"end":{"line":21,"column":16}},"2":{"start":{"line":25,"column":0},"end":{"line":25,"column":7}},"3":{"start":{"line":2,"column":0},"end":{"line":2,"column":42}},"4":{"start":{"line":3,"column":0},"end":{"line":3,"column":48}},"5":{"start":{"line":4,"column":15},"end":{"line":4,"column":52}},"6":{"start":{"line":6,"column":12},"end":{"line":6,"column":114}},"7":{"start":{"line":7,"column":15},"end":{"line":7,"column":23}},"8":{"start":{"line":11,"column":2},"end":{"line":15,"column":3}},"9":{"start":{"line":12,"column":4},"end":{"line":12,"column":51}},"10":{"start":{"line":13,"column":4},"end":{"line":13,"column":40}},"11":{"start":{"line":14,"column":4},"end":{"line":14,"column":33}},"12":{"start":{"line":16,"column":2},"end":{"line":16,"column":33}},"13":{"start":{"line":19,"column":0},"end":{"line":19,"column":42}},"14":{"start":{"line":22,"column":2},"end":{"line":22,"column":22}},"15":{"start":{"line":26,"column":2},"end":{"line":34,"column":3}},"16":{"start":{"line":27,"column":15},"end":{"line":27,"column":28}},"17":{"start":{"line":29,"column":4},"end":{"line":29,"column":34}},"18":{"start":{"line":30,"column":4},"end":{"line":30,"column":16}},"19":{"start":{"line":32,"column":4},"end":{"line":32,"column":67}},"20":{"start":{"line":33,"column":4},"end":{"line":33,"column":17}}},"fnMap":{"0":{"name":"getDb","decl":{"start":{"line":10,"column":22},"end":{"line":10,"column":27}},"loc":{"start":{"line":10,"column":27},"end":{"line":17,"column":1}}},"1":{"name":"__resetClient","decl":{"start":{"line":21,"column":16},"end":{"line":21,"column":29}},"loc":{"start":{"line":21,"column":29},"end":{"line":23,"column":1}}},"2":{"name":"checkMongoHealth","decl":{"start":{"line":25,"column":22},"end":{"line":25,"column":38}},"loc":{"start":{"line":25,"column":38},"end":{"line":35,"column":1}}}},"branchMap":{"0":{"loc":{"start":{"line":6,"column":12},"end":{"line":6,"column":114}},"type":"binary-expr","locations":[{"start":{"line":6,"column":12},"end":{"line":6,"column":35}},{"start":{"line":6,"column":39},"end":{"line":6,"column":114}}]},"1":{"loc":{"start":{"line":11,"column":2},"end":{"line":15,"column":3}},"type":"if","locations":[{"start":{"line":11,"column":2},"end":{"line":15,"column":3}}]}},"s":{"0":5,"1":5,"2":5,"3":5,"4":5,"5":5,"6":5,"7":5,"8":2,"9":2,"10":2,"11":2,"12":2,"13":5,"14":0,"15":2,"16":2,"17":2,"18":1,"19":1,"20":1},"f":{"0":2,"1":0,"2":2},"b":{"0":[5,5],"1":[2]}}
,"/Users/jageen.shukla/Documents/Projects/Personal/RepliQ/repliq-backend/api-gateway/src/utils/rateLimiter.ts": {"path":"/Users/jageen.shukla/Documents/Projects/Personal/RepliQ/repliq-backend/api-gateway/src/utils/rateLimiter.ts","statementMap":{"0":{"start":{"line":10,"column":27},"end":{"line":13,"column":1}},"1":{"start":{"line":12,"column":2},"end":{"line":12,"column":9}},"2":{"start":{"line":10,"column":13},"end":{"line":10,"column":27}}},"fnMap":{"0":{"name":"(anonymous_0)","decl":{"start":{"line":10,"column":27},"end":{"line":10,"column":28}},"loc":{"start":{"line":10,"column":63},"end":{"line":13,"column":1}}}},"branchMap":{},"s":{"0":2,"1":3,"2":2},"f":{"0":3},"b":{}}
}
