TN:
SF:src/config/services.ts
FNF:0
FNH:0
DA:11,2
LF:1
LH:1
BRDA:14,0,0,2
BRDA:14,0,1,2
BRDA:20,1,0,2
BRDA:20,1,1,2
BRDA:26,2,0,2
BRDA:26,2,1,2
BRDA:33,3,0,2
BRDA:33,3,1,2
BRDA:39,4,0,2
BRDA:39,4,1,2
BRDA:45,5,0,2
BRDA:45,5,1,2
BRDA:51,6,0,2
BRDA:51,6,1,2
BRF:14
BRH:14
end_of_record
TN:
SF:src/middlewares/errorHandler.ts
FN:6,errorHandler
FNF:1
FNH:1
FNDA:1,errorHandler
DA:4,2
DA:5,2
DA:6,2
DA:7,1
DA:8,1
LF:5
LH:5
BRF:0
BRH:0
end_of_record
TN:
SF:src/middlewares/logger.ts
FNF:0
FNH:0
DA:2,1
DA:5,1
LF:2
LH:2
BRF:0
BRH:0
end_of_record
TN:
SF:src/routes/health.ts
FN:13,(anonymous_1)
FN:14,(anonymous_2)
FN:16,(anonymous_3)
FN:43,(anonymous_4)
FN:43,(anonymous_5)
FN:47,(anonymous_6)
FNF:6
FNH:6
FNDA:4,(anonymous_1)
FNDA:4,(anonymous_2)
FNDA:4,(anonymous_3)
FNDA:4,(anonymous_4)
FNDA:3,(anonymous_5)
FNDA:6,(anonymous_6)
DA:3,3
DA:4,3
DA:5,3
DA:6,3
DA:7,3
DA:9,3
DA:11,3
DA:13,3
DA:14,4
DA:15,4
DA:17,4
DA:19,4
DA:20,4
DA:22,4
DA:23,4
DA:24,2
DA:26,2
DA:27,2
DA:28,1
DA:29,1
DA:30,1
DA:31,0
DA:32,0
DA:34,2
DA:35,2
DA:41,4
DA:42,4
DA:43,4
DA:44,4
DA:45,4
DA:47,6
DA:48,4
DA:51,3
LF:33
LH:31
BRDA:19,0,0,4
BRDA:27,1,0,1
BRDA:27,1,1,1
BRDA:29,2,0,1
BRDA:29,2,1,0
BRDA:31,3,0,0
BRDA:45,4,0,3
BRDA:45,4,1,1
BRDA:48,5,0,1
BRDA:48,5,1,3
BRDA:48,6,0,1
BRDA:48,6,1,3
BRF:12
BRH:10
end_of_record
TN:
SF:src/routes/proxy.ts
FN:11,(anonymous_1)
FN:11,(anonymous_2)
FN:13,(anonymous_3)
FN:19,(anonymous_4)
FNF:4
FNH:3
FNDA:7,(anonymous_1)
FNDA:3,(anonymous_2)
FNDA:3,(anonymous_3)
FNDA:0,(anonymous_4)
DA:2,1
DA:3,1
DA:5,1
DA:8,1
DA:11,7
DA:13,1
DA:14,3
DA:19,0
DA:24,1
LF:9
LH:8
BRF:0
BRH:0
end_of_record
TN:
SF:src/utils/logger.ts
FN:7,(anonymous_1)
FN:16,(anonymous_2)
FNF:2
FNH:2
FNDA:10,(anonymous_1)
FNDA:10,(anonymous_2)
DA:1,9
DA:3,9
DA:8,10
DA:16,9
DA:17,10
DA:20,9
LF:6
LH:6
BRDA:8,0,0,10
BRDA:8,0,1,0
BRF:2
BRH:1
end_of_record
TN:
SF:src/utils/mongo.ts
FN:10,getDb
FN:21,__resetClient
FN:25,checkMongoHealth
FNF:3
FNH:2
FNDA:2,getDb
FNDA:0,__resetClient
FNDA:2,checkMongoHealth
DA:2,5
DA:3,5
DA:4,5
DA:6,5
DA:7,5
DA:10,5
DA:11,2
DA:12,2
DA:13,2
DA:14,2
DA:16,2
DA:19,5
DA:21,5
DA:22,0
DA:25,5
DA:26,2
DA:27,2
DA:29,2
DA:30,1
DA:32,1
DA:33,1
LF:21
LH:20
BRDA:6,0,0,5
BRDA:6,0,1,5
BRDA:11,1,0,2
BRF:3
BRH:3
end_of_record
TN:
SF:src/utils/rateLimiter.ts
FN:10,(anonymous_0)
FNF:1
FNH:1
FNDA:3,(anonymous_0)
DA:10,2
DA:12,3
LF:2
LH:2
BRF:0
BRH:0
end_of_record
