{"/Users/jageen.shukla/Documents/Projects/Personal/RepliQ/repliq-backend/review-ingestion/src/controllers/healthController.ts": {"path":"/Users/jageen.shukla/Documents/Projects/Personal/RepliQ/repliq-backend/review-ingestion/src/controllers/healthController.ts","statementMap":{"0":{"start":{"line":3,"column":0},"end":{"line":3,"column":60}},"1":{"start":{"line":5,"column":0},"end":{"line":5,"column":55}},"2":{"start":{"line":6,"column":0},"end":{"line":6,"column":53}},"3":{"start":{"line":8,"column":21},"end":{"line":8,"column":60}},"4":{"start":{"line":11,"column":27},"end":{"line":35,"column":1}},"5":{"start":{"line":12,"column":2},"end":{"line":12,"column":67}},"6":{"start":{"line":13,"column":17},"end":{"line":13,"column":34}},"7":{"start":{"line":17,"column":19},"end":{"line":17,"column":40}},"8":{"start":{"line":19,"column":23},"end":{"line":19,"column":35}},"9":{"start":{"line":20,"column":2},"end":{"line":26,"column":3}},"10":{"start":{"line":21,"column":18},"end":{"line":21,"column":50}},"11":{"start":{"line":22,"column":4},"end":{"line":22,"column":49}},"12":{"start":{"line":24,"column":4},"end":{"line":24,"column":29}},"13":{"start":{"line":25,"column":4},"end":{"line":25,"column":97}},"14":{"start":{"line":28,"column":2},"end":{"line":34,"column":5}},"15":{"start":{"line":11,"column":13},"end":{"line":11,"column":27}}},"fnMap":{"0":{"name":"(anonymous_0)","decl":{"start":{"line":11,"column":27},"end":{"line":11,"column":32}},"loc":{"start":{"line":11,"column":65},"end":{"line":35,"column":1}}}},"branchMap":{"0":{"loc":{"start":{"line":22,"column":21},"end":{"line":22,"column":48}},"type":"cond-expr","locations":[{"start":{"line":22,"column":29},"end":{"line":22,"column":36}},{"start":{"line":22,"column":39},"end":{"line":22,"column":48}}]}},"s":{"0":1,"1":1,"2":1,"3":1,"4":1,"5":1,"6":1,"7":1,"8":1,"9":1,"10":1,"11":1,"12":0,"13":0,"14":1,"15":1},"f":{"0":1},"b":{"0":[1,0]}}
,"/Users/jageen.shukla/Documents/Projects/Personal/RepliQ/repliq-backend/review-ingestion/src/controllers/reviewIngestionController.ts": {"path":"/Users/jageen.shukla/Documents/Projects/Personal/RepliQ/repliq-backend/review-ingestion/src/controllers/reviewIngestionController.ts","statementMap":{"0":{"start":{"line":2,"column":0},"end":{"line":2,"column":41}},"1":{"start":{"line":3,"column":0},"end":{"line":3,"column":36}},"2":{"start":{"line":4,"column":0},"end":{"line":4,"column":62}},"3":{"start":{"line":5,"column":0},"end":{"line":5,"column":70}},"4":{"start":{"line":6,"column":0},"end":{"line":6,"column":68}},"5":{"start":{"line":8,"column":40},"end":{"line":112,"column":1}},"6":{"start":{"line":9,"column":24},"end":{"line":9,"column":34}},"7":{"start":{"line":10,"column":20},"end":{"line":10,"column":59}},"8":{"start":{"line":11,"column":42},"end":{"line":11,"column":44}},"9":{"start":{"line":13,"column":2},"end":{"line":111,"column":3}},"10":{"start":{"line":14,"column":15},"end":{"line":14,"column":28}},"11":{"start":{"line":15,"column":29},"end":{"line":15,"column":45}},"12":{"start":{"line":17,"column":20},"end":{"line":17,"column":92}},"13":{"start":{"line":18,"column":4},"end":{"line":24,"column":5}},"14":{"start":{"line":19,"column":28},"end":{"line":19,"column":120}},"15":{"start":{"line":20,"column":6},"end":{"line":23,"column":9}},"16":{"start":{"line":22,"column":52},"end":{"line":22,"column":63}},"17":{"start":{"line":26,"column":25},"end":{"line":26,"column":51}},"18":{"start":{"line":27,"column":23},"end":{"line":27,"column":103}},"19":{"start":{"line":29,"column":29},"end":{"line":32,"column":10}},"20":{"start":{"line":30,"column":6},"end":{"line":30,"column":38}},"21":{"start":{"line":31,"column":6},"end":{"line":31,"column":17}},"22":{"start":{"line":35,"column":4},"end":{"line":92,"column":6}},"23":{"start":{"line":37,"column":8},"end":{"line":90,"column":9}},"24":{"start":{"line":38,"column":10},"end":{"line":86,"column":11}},"25":{"start":{"line":39,"column":33},"end":{"line":39,"column":101}},"26":{"start":{"line":40,"column":26},"end":{"line":40,"column":48}},"27":{"start":{"line":41,"column":12},"end":{"line":41,"column":78}},"28":{"start":{"line":41,"column":24},"end":{"line":41,"column":78}},"29":{"start":{"line":43,"column":26},"end":{"line":43,"column":30}},"30":{"start":{"line":44,"column":45},"end":{"line":44,"column":49}},"31":{"start":{"line":45,"column":38},"end":{"line":45,"column":43}},"32":{"start":{"line":47,"column":12},"end":{"line":82,"column":13}},"33":{"start":{"line":48,"column":38},"end":{"line":48,"column":135}},"34":{"start":{"line":49,"column":30},"end":{"line":49,"column":50}},"35":{"start":{"line":51,"column":14},"end":{"line":78,"column":15}},"36":{"start":{"line":52,"column":16},"end":{"line":77,"column":17}},"37":{"start":{"line":53,"column":41},"end":{"line":53,"column":127}},"38":{"start":{"line":54,"column":18},"end":{"line":57,"column":19}},"39":{"start":{"line":55,"column":20},"end":{"line":55,"column":47}},"40":{"start":{"line":56,"column":20},"end":{"line":56,"column":26}},"41":{"start":{"line":59,"column":41},"end":{"line":66,"column":20}},"42":{"start":{"line":67,"column":18},"end":{"line":67,"column":58}},"43":{"start":{"line":68,"column":18},"end":{"line":68,"column":36}},"44":{"start":{"line":70,"column":18},"end":{"line":76,"column":19}},"45":{"start":{"line":72,"column":20},"end":{"line":72,"column":47}},"46":{"start":{"line":73,"column":20},"end":{"line":73,"column":26}},"47":{"start":{"line":75,"column":20},"end":{"line":75,"column":93}},"48":{"start":{"line":80,"column":14},"end":{"line":80,"column":59}},"49":{"start":{"line":81,"column":14},"end":{"line":81,"column":67}},"50":{"start":{"line":85,"column":12},"end":{"line":85,"column":83}},"51":{"start":{"line":89,"column":10},"end":{"line":89,"column":107}},"52":{"start":{"line":94,"column":4},"end":{"line":94,"column":61}},"53":{"start":{"line":96,"column":4},"end":{"line":96,"column":39}},"54":{"start":{"line":98,"column":4},"end":{"line":105,"column":5}},"55":{"start":{"line":100,"column":6},"end":{"line":104,"column":7}},"56":{"start":{"line":101,"column":8},"end":{"line":101,"column":103}},"57":{"start":{"line":103,"column":8},"end":{"line":103,"column":114}},"58":{"start":{"line":108,"column":4},"end":{"line":108,"column":71}},"59":{"start":{"line":110,"column":4},"end":{"line":110,"column":68}},"60":{"start":{"line":8,"column":13},"end":{"line":8,"column":40}},"61":{"start":{"line":115,"column":34},"end":{"line":132,"column":1}},"62":{"start":{"line":116,"column":28},"end":{"line":116,"column":66}},"63":{"start":{"line":118,"column":30},"end":{"line":120,"column":90}},"64":{"start":{"line":122,"column":2},"end":{"line":131,"column":3}},"65":{"start":{"line":123,"column":4},"end":{"line":128,"column":7}},"66":{"start":{"line":130,"column":4},"end":{"line":130,"column":93}}},"fnMap":{"0":{"name":"(anonymous_1)","decl":{"start":{"line":8,"column":40},"end":{"line":8,"column":45}},"loc":{"start":{"line":8,"column":78},"end":{"line":112,"column":1}}},"1":{"name":"(anonymous_2)","decl":{"start":{"line":22,"column":47},"end":{"line":22,"column":48}},"loc":{"start":{"line":22,"column":52},"end":{"line":22,"column":63}}},"2":{"name":"(anonymous_3)","decl":{"start":{"line":29,"column":47},"end":{"line":29,"column":48}},"loc":{"start":{"line":29,"column":87},"end":{"line":32,"column":5}}},"3":{"name":"(anonymous_4)","decl":{"start":{"line":36,"column":43},"end":{"line":36,"column":48}},"loc":{"start":{"line":36,"column":71},"end":{"line":91,"column":7}}},"4":{"name":"(anonymous_5)","decl":{"start":{"line":115,"column":34},"end":{"line":115,"column":39}},"loc":{"start":{"line":115,"column":85},"end":{"line":132,"column":1}}}},"branchMap":{"0":{"loc":{"start":{"line":18,"column":4},"end":{"line":24,"column":5}},"type":"if","locations":[{"start":{"line":18,"column":4},"end":{"line":24,"column":5}}]},"1":{"loc":{"start":{"line":26,"column":25},"end":{"line":26,"column":51}},"type":"binary-expr","locations":[{"start":{"line":26,"column":25},"end":{"line":26,"column":45}},{"start":{"line":26,"column":49},"end":{"line":26,"column":51}}]},"2":{"loc":{"start":{"line":37,"column":8},"end":{"line":90,"column":9}},"type":"if","locations":[{"start":{"line":37,"column":8},"end":{"line":90,"column":9}},{"start":{"line":87,"column":15},"end":{"line":90,"column":9}}]},"3":{"loc":{"start":{"line":41,"column":12},"end":{"line":41,"column":78}},"type":"if","locations":[{"start":{"line":41,"column":12},"end":{"line":41,"column":78}}]},"4":{"loc":{"start":{"line":47,"column":19},"end":{"line":47,"column":50}},"type":"binary-expr","locations":[{"start":{"line":47,"column":19},"end":{"line":47,"column":26}},{"start":{"line":47,"column":30},"end":{"line":47,"column":50}}]},"5":{"loc":{"start":{"line":54,"column":18},"end":{"line":57,"column":19}},"type":"if","locations":[{"start":{"line":54,"column":18},"end":{"line":57,"column":19}}]},"6":{"loc":{"start":{"line":70,"column":18},"end":{"line":76,"column":19}},"type":"if","locations":[{"start":{"line":70,"column":18},"end":{"line":76,"column":19}},{"start":{"line":74,"column":25},"end":{"line":76,"column":19}}]},"7":{"loc":{"start":{"line":98,"column":4},"end":{"line":105,"column":5}},"type":"if","locations":[{"start":{"line":98,"column":4},"end":{"line":105,"column":5}}]},"8":{"loc":{"start":{"line":118,"column":30},"end":{"line":120,"column":90}},"type":"cond-expr","locations":[{"start":{"line":119,"column":6},"end":{"line":119,"column":149}},{"start":{"line":120,"column":6},"end":{"line":120,"column":90}}]}},"s":{"0":1,"1":1,"2":1,"3":1,"4":1,"5":1,"6":4,"7":4,"8":4,"9":4,"10":4,"11":3,"12":3,"13":3,"14":1,"15":1,"16":1,"17":2,"18":2,"19":2,"20":2,"21":2,"22":2,"23":2,"24":2,"25":2,"26":2,"27":2,"28":0,"29":2,"30":2,"31":2,"32":2,"33":2,"34":2,"35":2,"36":2,"37":2,"38":2,"39":1,"40":1,"41":1,"42":1,"43":1,"44":0,"45":0,"46":0,"47":0,"48":2,"49":2,"50":0,"51":0,"52":2,"53":2,"54":2,"55":1,"56":1,"57":0,"58":2,"59":1,"60":1,"61":1,"62":2,"63":2,"64":2,"65":2,"66":0},"f":{"0":4,"1":1,"2":2,"3":2,"4":2},"b":{"0":[1],"1":[2,0],"2":[2,0],"3":[0],"4":[4,2],"5":[1],"6":[0,0],"7":[1],"8":[1,1]}}
,"/Users/jageen.shukla/Documents/Projects/Personal/RepliQ/repliq-backend/review-ingestion/src/models/Connector.ts": {"path":"/Users/jageen.shukla/Documents/Projects/Personal/RepliQ/repliq-backend/review-ingestion/src/models/Connector.ts","statementMap":{"0":{"start":{"line":2,"column":0},"end":{"line":2,"column":24}},"1":{"start":{"line":4,"column":13},"end":{"line":18,"column":3}}},"fnMap":{},"branchMap":{},"s":{"0":3,"1":3},"f":{},"b":{}}
,"/Users/jageen.shukla/Documents/Projects/Personal/RepliQ/repliq-backend/review-ingestion/src/services/connectorService.ts": {"path":"/Users/jageen.shukla/Documents/Projects/Personal/RepliQ/repliq-backend/review-ingestion/src/services/connectorService.ts","statementMap":{"0":{"start":{"line":8,"column":0},"end":{"line":8,"column":7}},"1":{"start":{"line":18,"column":0},"end":{"line":18,"column":7}},"2":{"start":{"line":26,"column":0},"end":{"line":26,"column":7}},"3":{"start":{"line":32,"column":0},"end":{"line":32,"column":7}},"4":{"start":{"line":2,"column":0},"end":{"line":2,"column":39}},"5":{"start":{"line":3,"column":0},"end":{"line":3,"column":65}},"6":{"start":{"line":4,"column":0},"end":{"line":4,"column":36}},"7":{"start":{"line":5,"column":0},"end":{"line":5,"column":41}},"8":{"start":{"line":9,"column":19},"end":{"line":9,"column":38}},"9":{"start":{"line":11,"column":24},"end":{"line":11,"column":82}},"10":{"start":{"line":12,"column":2},"end":{"line":12,"column":84}},"11":{"start":{"line":13,"column":2},"end":{"line":13,"column":76}},"12":{"start":{"line":14,"column":2},"end":{"line":14,"column":90}},"13":{"start":{"line":19,"column":19},"end":{"line":19,"column":38}},"14":{"start":{"line":21,"column":17},"end":{"line":21,"column":49}},"15":{"start":{"line":22,"column":2},"end":{"line":22,"column":61}},"16":{"start":{"line":27,"column":19},"end":{"line":27,"column":38}},"17":{"start":{"line":28,"column":2},"end":{"line":28,"column":78}},"18":{"start":{"line":33,"column":19},"end":{"line":33,"column":38}},"19":{"start":{"line":34,"column":2},"end":{"line":34,"column":66}}},"fnMap":{"0":{"name":"findConnectorByBundleId","decl":{"start":{"line":8,"column":22},"end":{"line":8,"column":45}},"loc":{"start":{"line":8,"column":95},"end":{"line":15,"column":1}}},"1":{"name":"insertConnector","decl":{"start":{"line":18,"column":22},"end":{"line":18,"column":37}},"loc":{"start":{"line":18,"column":65},"end":{"line":23,"column":1}}},"2":{"name":"findConnectorById","decl":{"start":{"line":26,"column":22},"end":{"line":26,"column":39}},"loc":{"start":{"line":26,"column":59},"end":{"line":29,"column":1}}},"3":{"name":"findConnectors","decl":{"start":{"line":32,"column":22},"end":{"line":32,"column":36}},"loc":{"start":{"line":32,"column":57},"end":{"line":35,"column":1}}}},"branchMap":{"0":{"loc":{"start":{"line":8,"column":64},"end":{"line":8,"column":86}},"type":"default-arg","locations":[{"start":{"line":8,"column":79},"end":{"line":8,"column":86}}]},"1":{"loc":{"start":{"line":9,"column":19},"end":{"line":9,"column":38}},"type":"binary-expr","locations":[{"start":{"line":9,"column":19},"end":{"line":9,"column":21}},{"start":{"line":9,"column":25},"end":{"line":9,"column":38}}]},"2":{"loc":{"start":{"line":19,"column":19},"end":{"line":19,"column":38}},"type":"binary-expr","locations":[{"start":{"line":19,"column":19},"end":{"line":19,"column":21}},{"start":{"line":19,"column":25},"end":{"line":19,"column":38}}]},"3":{"loc":{"start":{"line":27,"column":19},"end":{"line":27,"column":38}},"type":"binary-expr","locations":[{"start":{"line":27,"column":19},"end":{"line":27,"column":21}},{"start":{"line":27,"column":25},"end":{"line":27,"column":38}}]},"4":{"loc":{"start":{"line":32,"column":37},"end":{"line":32,"column":48}},"type":"default-arg","locations":[{"start":{"line":32,"column":46},"end":{"line":32,"column":48}}]},"5":{"loc":{"start":{"line":33,"column":19},"end":{"line":33,"column":38}},"type":"binary-expr","locations":[{"start":{"line":33,"column":19},"end":{"line":33,"column":21}},{"start":{"line":33,"column":25},"end":{"line":33,"column":38}}]}},"s":{"0":3,"1":3,"2":3,"3":3,"4":3,"5":3,"6":3,"7":3,"8":1,"9":1,"10":1,"11":1,"12":1,"13":2,"14":2,"15":1,"16":2,"17":2,"18":2,"19":2},"f":{"0":1,"1":2,"2":2,"3":2},"b":{"0":[0],"1":[1,1],"2":[2,2],"3":[2,2],"4":[1],"5":[2,2]}}
,"/Users/jageen.shukla/Documents/Projects/Personal/RepliQ/repliq-backend/review-ingestion/src/services/healthService.ts": {"path":"/Users/jageen.shukla/Documents/Projects/Personal/RepliQ/repliq-backend/review-ingestion/src/services/healthService.ts","statementMap":{"0":{"start":{"line":1,"column":0},"end":{"line":1,"column":16}},"1":{"start":{"line":2,"column":2},"end":{"line":2,"column":14}}},"fnMap":{"0":{"name":"getHealthStatus","decl":{"start":{"line":1,"column":16},"end":{"line":1,"column":31}},"loc":{"start":{"line":1,"column":31},"end":{"line":3,"column":1}}}},"branchMap":{},"s":{"0":2,"1":1},"f":{"0":1},"b":{}}
,"/Users/jageen.shukla/Documents/Projects/Personal/RepliQ/repliq-backend/review-ingestion/src/services/notificationService.ts": {"path":"/Users/jageen.shukla/Documents/Projects/Personal/RepliQ/repliq-backend/review-ingestion/src/services/notificationService.ts","statementMap":{"0":{"start":{"line":1,"column":0},"end":{"line":1,"column":26}},"1":{"start":{"line":2,"column":0},"end":{"line":2,"column":41}},"2":{"start":{"line":14,"column":17},"end":{"line":14,"column":77}},"3":{"start":{"line":15,"column":4},"end":{"line":15,"column":28}},"4":{"start":{"line":19,"column":20},"end":{"line":66,"column":6}},"5":{"start":{"line":68,"column":4},"end":{"line":77,"column":5}},"6":{"start":{"line":69,"column":6},"end":{"line":73,"column":9}},"7":{"start":{"line":75,"column":6},"end":{"line":75,"column":88}},"8":{"start":{"line":76,"column":6},"end":{"line":76,"column":53}},"9":{"start":{"line":12,"column":0},"end":{"line":12,"column":13}}},"fnMap":{"0":{"name":"(anonymous_1)","decl":{"start":{"line":13,"column":10},"end":{"line":13,"column":16}},"loc":{"start":{"line":13,"column":35},"end":{"line":16,"column":3}}},"1":{"name":"(anonymous_2)","decl":{"start":{"line":18,"column":9},"end":{"line":18,"column":15}},"loc":{"start":{"line":18,"column":104},"end":{"line":78,"column":3}}}},"branchMap":{"0":{"loc":{"start":{"line":14,"column":17},"end":{"line":14,"column":77}},"type":"binary-expr","locations":[{"start":{"line":14,"column":17},"end":{"line":14,"column":50}},{"start":{"line":14,"column":54},"end":{"line":14,"column":77}}]}},"s":{"0":2,"1":2,"2":2,"3":2,"4":2,"5":2,"6":2,"7":1,"8":1,"9":2},"f":{"0":2,"1":2},"b":{"0":[2,2]}}
,"/Users/jageen.shukla/Documents/Projects/Personal/RepliQ/repliq-backend/review-ingestion/src/services/processReviewService.ts": {"path":"/Users/jageen.shukla/Documents/Projects/Personal/RepliQ/repliq-backend/review-ingestion/src/services/processReviewService.ts","statementMap":{"0":{"start":{"line":2,"column":0},"end":{"line":2,"column":26}},"1":{"start":{"line":6,"column":17},"end":{"line":6,"column":79}},"2":{"start":{"line":7,"column":4},"end":{"line":7,"column":36}},"3":{"start":{"line":11,"column":4},"end":{"line":24,"column":5}},"4":{"start":{"line":12,"column":6},"end":{"line":19,"column":9}},"5":{"start":{"line":23,"column":6},"end":{"line":23,"column":18}},"6":{"start":{"line":28,"column":0},"end":{"line":28,"column":36}}},"fnMap":{"0":{"name":"(anonymous_1)","decl":{"start":{"line":5,"column":10},"end":{"line":5,"column":16}},"loc":{"start":{"line":5,"column":39},"end":{"line":8,"column":3}}},"1":{"name":"(anonymous_2)","decl":{"start":{"line":10,"column":9},"end":{"line":10,"column":15}},"loc":{"start":{"line":10,"column":91},"end":{"line":25,"column":3}}}},"branchMap":{"0":{"loc":{"start":{"line":6,"column":17},"end":{"line":6,"column":79}},"type":"binary-expr","locations":[{"start":{"line":6,"column":17},"end":{"line":6,"column":52}},{"start":{"line":6,"column":56},"end":{"line":6,"column":79}}]}},"s":{"0":2,"1":2,"2":2,"3":2,"4":2,"5":1,"6":2},"f":{"0":2,"1":2},"b":{"0":[2,2]}}
,"/Users/jageen.shukla/Documents/Projects/Personal/RepliQ/repliq-backend/review-ingestion/src/services/appleApiService/index.ts": {"path":"/Users/jageen.shukla/Documents/Projects/Personal/RepliQ/repliq-backend/review-ingestion/src/services/appleApiService/index.ts","statementMap":{"0":{"start":{"line":1,"column":0},"end":{"line":1,"column":26}},"1":{"start":{"line":2,"column":0},"end":{"line":2,"column":44}},"2":{"start":{"line":3,"column":0},"end":{"line":3,"column":31}},"3":{"start":{"line":5,"column":0},"end":{"line":5,"column":39}},"4":{"start":{"line":7,"column":0},"end":{"line":7,"column":56}},"5":{"start":{"line":8,"column":0},"end":{"line":8,"column":56}},"6":{"start":{"line":13,"column":10},"end":{"line":13,"column":36}},"7":{"start":{"line":14,"column":10},"end":{"line":14,"column":35}},"8":{"start":{"line":15,"column":10},"end":{"line":15,"column":34}},"9":{"start":{"line":19,"column":4},"end":{"line":19,"column":31}},"10":{"start":{"line":20,"column":4},"end":{"line":20,"column":45}},"11":{"start":{"line":24,"column":15},"end":{"line":24,"column":28}},"12":{"start":{"line":25,"column":22},"end":{"line":25,"column":58}},"13":{"start":{"line":26,"column":4},"end":{"line":26,"column":59}},"14":{"start":{"line":26,"column":20},"end":{"line":26,"column":59}},"15":{"start":{"line":27,"column":4},"end":{"line":27,"column":86}},"16":{"start":{"line":27,"column":36},"end":{"line":27,"column":86}},"17":{"start":{"line":28,"column":21},"end":{"line":28,"column":78}},"18":{"start":{"line":29,"column":4},"end":{"line":31,"column":5}},"19":{"start":{"line":30,"column":6},"end":{"line":30,"column":87}},"20":{"start":{"line":30,"column":36},"end":{"line":30,"column":87}},"21":{"start":{"line":33,"column":4},"end":{"line":33,"column":73}},"22":{"start":{"line":37,"column":16},"end":{"line":37,"column":45}},"23":{"start":{"line":38,"column":4},"end":{"line":44,"column":5}},"24":{"start":{"line":39,"column":6},"end":{"line":39,"column":72}},"25":{"start":{"line":40,"column":6},"end":{"line":40,"column":69}},"26":{"start":{"line":40,"column":21},"end":{"line":40,"column":69}},"27":{"start":{"line":41,"column":22},"end":{"line":41,"column":83}},"28":{"start":{"line":42,"column":6},"end":{"line":42,"column":44}},"29":{"start":{"line":43,"column":6},"end":{"line":43,"column":45}},"30":{"start":{"line":45,"column":4},"end":{"line":45,"column":20}},"31":{"start":{"line":49,"column":21},"end":{"line":49,"column":57}},"32":{"start":{"line":50,"column":4},"end":{"line":50,"column":75}},"33":{"start":{"line":60,"column":14},"end":{"line":60,"column":24}},"34":{"start":{"line":61,"column":25},"end":{"line":61,"column":27}},"35":{"start":{"line":62,"column":15},"end":{"line":62,"column":16}},"36":{"start":{"line":63,"column":4},"end":{"line":69,"column":5}},"37":{"start":{"line":64,"column":38},"end":{"line":64,"column":71}},"38":{"start":{"line":65,"column":23},"end":{"line":65,"column":53}},"39":{"start":{"line":66,"column":6},"end":{"line":66,"column":41}},"40":{"start":{"line":67,"column":6},"end":{"line":67,"column":39}},"41":{"start":{"line":68,"column":6},"end":{"line":68,"column":13}},"42":{"start":{"line":70,"column":4},"end":{"line":70,"column":19}},"43":{"start":{"line":78,"column":16},"end":{"line":78,"column":35}},"44":{"start":{"line":79,"column":14},"end":{"line":79,"column":55}},"45":{"start":{"line":80,"column":4},"end":{"line":83,"column":5}},"46":{"start":{"line":81,"column":20},"end":{"line":81,"column":84}},"47":{"start":{"line":82,"column":6},"end":{"line":82,"column":25}},"48":{"start":{"line":84,"column":20},"end":{"line":84,"column":54}},"49":{"start":{"line":86,"column":4},"end":{"line":93,"column":5}},"50":{"start":{"line":87,"column":23},"end":{"line":87,"column":56}},"51":{"start":{"line":88,"column":6},"end":{"line":88,"column":27}},"52":{"start":{"line":90,"column":22},"end":{"line":90,"column":72}},"53":{"start":{"line":92,"column":6},"end":{"line":92,"column":31}},"54":{"start":{"line":102,"column":16},"end":{"line":102,"column":35}},"55":{"start":{"line":103,"column":14},"end":{"line":103,"column":95}},"56":{"start":{"line":104,"column":4},"end":{"line":107,"column":5}},"57":{"start":{"line":105,"column":20},"end":{"line":105,"column":84}},"58":{"start":{"line":106,"column":6},"end":{"line":106,"column":25}},"59":{"start":{"line":108,"column":20},"end":{"line":108,"column":54}},"60":{"start":{"line":110,"column":4},"end":{"line":129,"column":5}},"61":{"start":{"line":111,"column":23},"end":{"line":111,"column":56}},"62":{"start":{"line":112,"column":20},"end":{"line":112,"column":41}},"63":{"start":{"line":113,"column":22},"end":{"line":113,"column":64}},"64":{"start":{"line":114,"column":23},"end":{"line":114,"column":96}},"65":{"start":{"line":115,"column":6},"end":{"line":121,"column":8}},"66":{"start":{"line":123,"column":6},"end":{"line":127,"column":9}},"67":{"start":{"line":128,"column":6},"end":{"line":128,"column":16}},"68":{"start":{"line":11,"column":0},"end":{"line":11,"column":13}}},"fnMap":{"0":{"name":"(anonymous_1)","decl":{"start":{"line":18,"column":2},"end":{"line":18,"column":22}},"loc":{"start":{"line":18,"column":66},"end":{"line":21,"column":3}}},"1":{"name":"(anonymous_2)","decl":{"start":{"line":23,"column":2},"end":{"line":23,"column":8}},"loc":{"start":{"line":23,"column":79},"end":{"line":34,"column":3}}},"2":{"name":"(anonymous_3)","decl":{"start":{"line":36,"column":10},"end":{"line":36,"column":15}},"loc":{"start":{"line":36,"column":22},"end":{"line":46,"column":3}}},"3":{"name":"(anonymous_4)","decl":{"start":{"line":48,"column":10},"end":{"line":48,"column":24}},"loc":{"start":{"line":48,"column":24},"end":{"line":51,"column":3}}},"4":{"name":"(anonymous_5)","decl":{"start":{"line":55,"column":10},"end":{"line":55,"column":15}},"loc":{"start":{"line":58,"column":28},"end":{"line":71,"column":3}}},"5":{"name":"(anonymous_6)","decl":{"start":{"line":74,"column":2},"end":{"line":74,"column":7}},"loc":{"start":{"line":76,"column":29},"end":{"line":94,"column":3}}},"6":{"name":"(anonymous_7)","decl":{"start":{"line":97,"column":2},"end":{"line":97,"column":7}},"loc":{"start":{"line":100,"column":31},"end":{"line":130,"column":3}}}},"branchMap":{"0":{"loc":{"start":{"line":18,"column":44},"end":{"line":18,"column":66}},"type":"default-arg","locations":[{"start":{"line":18,"column":63},"end":{"line":18,"column":66}}]},"1":{"loc":{"start":{"line":23,"column":57},"end":{"line":23,"column":79}},"type":"default-arg","locations":[{"start":{"line":23,"column":76},"end":{"line":23,"column":79}}]},"2":{"loc":{"start":{"line":26,"column":4},"end":{"line":26,"column":59}},"type":"if","locations":[{"start":{"line":26,"column":4},"end":{"line":26,"column":59}}]},"3":{"loc":{"start":{"line":27,"column":4},"end":{"line":27,"column":86}},"type":"if","locations":[{"start":{"line":27,"column":4},"end":{"line":27,"column":86}}]},"4":{"loc":{"start":{"line":30,"column":6},"end":{"line":30,"column":87}},"type":"if","locations":[{"start":{"line":30,"column":6},"end":{"line":30,"column":87}}]},"5":{"loc":{"start":{"line":38,"column":4},"end":{"line":44,"column":5}},"type":"if","locations":[{"start":{"line":38,"column":4},"end":{"line":44,"column":5}}]},"6":{"loc":{"start":{"line":38,"column":8},"end":{"line":38,"column":49}},"type":"binary-expr","locations":[{"start":{"line":38,"column":8},"end":{"line":38,"column":17}},{"start":{"line":38,"column":21},"end":{"line":38,"column":49}}]},"7":{"loc":{"start":{"line":40,"column":6},"end":{"line":40,"column":69}},"type":"if","locations":[{"start":{"line":40,"column":6},"end":{"line":40,"column":69}}]},"8":{"loc":{"start":{"line":42,"column":26},"end":{"line":42,"column":43}},"type":"binary-expr","locations":[{"start":{"line":42,"column":26},"end":{"line":42,"column":38}},{"start":{"line":42,"column":42},"end":{"line":42,"column":43}}]},"9":{"loc":{"start":{"line":43,"column":25},"end":{"line":43,"column":44}},"type":"binary-expr","locations":[{"start":{"line":43,"column":25},"end":{"line":43,"column":37}},{"start":{"line":43,"column":41},"end":{"line":43,"column":44}}]},"10":{"loc":{"start":{"line":58,"column":4},"end":{"line":58,"column":28}},"type":"default-arg","locations":[{"start":{"line":58,"column":22},"end":{"line":58,"column":28}}]},"11":{"loc":{"start":{"line":65,"column":23},"end":{"line":65,"column":53}},"type":"binary-expr","locations":[{"start":{"line":65,"column":23},"end":{"line":65,"column":47}},{"start":{"line":65,"column":51},"end":{"line":65,"column":53}}]},"12":{"loc":{"start":{"line":76,"column":4},"end":{"line":76,"column":29}},"type":"default-arg","locations":[{"start":{"line":76,"column":24},"end":{"line":76,"column":29}}]},"13":{"loc":{"start":{"line":80,"column":4},"end":{"line":83,"column":5}},"type":"if","locations":[{"start":{"line":80,"column":4},"end":{"line":83,"column":5}}]},"14":{"loc":{"start":{"line":80,"column":8},"end":{"line":80,"column":48}},"type":"binary-expr","locations":[{"start":{"line":80,"column":8},"end":{"line":80,"column":14}},{"start":{"line":80,"column":18},"end":{"line":80,"column":48}}]},"15":{"loc":{"start":{"line":86,"column":4},"end":{"line":93,"column":5}},"type":"if","locations":[{"start":{"line":86,"column":4},"end":{"line":93,"column":5}},{"start":{"line":89,"column":11},"end":{"line":93,"column":5}}]},"16":{"loc":{"start":{"line":103,"column":14},"end":{"line":103,"column":95}},"type":"binary-expr","locations":[{"start":{"line":103,"column":14},"end":{"line":103,"column":25}},{"start":{"line":103,"column":29},"end":{"line":103,"column":95}}]},"17":{"loc":{"start":{"line":104,"column":4},"end":{"line":107,"column":5}},"type":"if","locations":[{"start":{"line":104,"column":4},"end":{"line":107,"column":5}}]},"18":{"loc":{"start":{"line":104,"column":8},"end":{"line":104,"column":64}},"type":"binary-expr","locations":[{"start":{"line":104,"column":8},"end":{"line":104,"column":14}},{"start":{"line":104,"column":18},"end":{"line":104,"column":48}},{"start":{"line":104,"column":52},"end":{"line":104,"column":64}}]},"19":{"loc":{"start":{"line":113,"column":22},"end":{"line":113,"column":64}},"type":"cond-expr","locations":[{"start":{"line":113,"column":50},"end":{"line":113,"column":59}},{"start":{"line":113,"column":62},"end":{"line":113,"column":64}}]},"20":{"loc":{"start":{"line":114,"column":23},"end":{"line":114,"column":96}},"type":"cond-expr","locations":[{"start":{"line":114,"column":81},"end":{"line":114,"column":91}},{"start":{"line":114,"column":94},"end":{"line":114,"column":96}}]},"21":{"loc":{"start":{"line":114,"column":23},"end":{"line":114,"column":78}},"type":"binary-expr","locations":[{"start":{"line":114,"column":23},"end":{"line":114,"column":54}},{"start":{"line":114,"column":58},"end":{"line":114,"column":78}}]},"22":{"loc":{"start":{"line":118,"column":23},"end":{"line":118,"column":44}},"type":"binary-expr","locations":[{"start":{"line":118,"column":23},"end":{"line":118,"column":36}},{"start":{"line":118,"column":40},"end":{"line":118,"column":44}}]},"23":{"loc":{"start":{"line":125,"column":18},"end":{"line":125,"column":66}},"type":"binary-expr","locations":[{"start":{"line":125,"column":18},"end":{"line":125,"column":44}},{"start":{"line":125,"column":48},"end":{"line":125,"column":66}}]}},"s":{"0":2,"1":2,"2":2,"3":2,"4":2,"5":2,"6":8,"7":8,"8":8,"9":8,"10":8,"11":10,"12":10,"13":10,"14":1,"15":9,"16":0,"17":9,"18":9,"19":45,"20":1,"21":8,"22":7,"23":7,"24":7,"25":7,"26":1,"27":6,"28":6,"29":6,"30":6,"31":1,"32":1,"33":3,"34":3,"35":3,"36":3,"37":5,"38":4,"39":4,"40":4,"41":4,"42":2,"43":3,"44":2,"45":2,"46":0,"47":0,"48":2,"49":2,"50":1,"51":1,"52":1,"53":1,"54":2,"55":2,"56":2,"57":0,"58":0,"59":2,"60":2,"61":2,"62":1,"63":1,"64":1,"65":1,"66":1,"67":1,"68":2},"f":{"0":8,"1":10,"2":7,"3":1,"4":3,"5":3,"6":2},"b":{"0":[0],"1":[10],"2":[1],"3":[0],"4":[1],"5":[7],"6":[7,1],"7":[1],"8":[6,0],"9":[6,0],"10":[3],"11":[4,0],"12":[2],"13":[0],"14":[2,1],"15":[1,1],"16":[2,2],"17":[0],"18":[2,0,0],"19":[0,1],"20":[0,1],"21":[1,1],"22":[1,1],"23":[1,0]}}
,"/Users/jageen.shukla/Documents/Projects/Personal/RepliQ/repliq-backend/review-ingestion/src/utils/appleJwt.ts": {"path":"/Users/jageen.shukla/Documents/Projects/Personal/RepliQ/repliq-backend/review-ingestion/src/utils/appleJwt.ts","statementMap":{"0":{"start":{"line":7,"column":0},"end":{"line":7,"column":7}},"1":{"start":{"line":1,"column":0},"end":{"line":1,"column":31}},"2":{"start":{"line":2,"column":0},"end":{"line":2,"column":34}},"3":{"start":{"line":3,"column":0},"end":{"line":3,"column":29}},"4":{"start":{"line":4,"column":0},"end":{"line":4,"column":29}},"5":{"start":{"line":5,"column":0},"end":{"line":5,"column":62}},"6":{"start":{"line":8,"column":2},"end":{"line":33,"column":3}},"7":{"start":{"line":9,"column":15},"end":{"line":9,"column":28}},"8":{"start":{"line":10,"column":23},"end":{"line":10,"column":91}},"9":{"start":{"line":11,"column":22},"end":{"line":11,"column":35}},"10":{"start":{"line":12,"column":4},"end":{"line":15,"column":5}},"11":{"start":{"line":13,"column":6},"end":{"line":13,"column":75}},"12":{"start":{"line":14,"column":6},"end":{"line":14,"column":18}},"13":{"start":{"line":16,"column":19},"end":{"line":16,"column":35}},"14":{"start":{"line":17,"column":23},"end":{"line":17,"column":68}},"15":{"start":{"line":18,"column":18},"end":{"line":28,"column":6}},"16":{"start":{"line":29,"column":4},"end":{"line":29,"column":17}},"17":{"start":{"line":31,"column":4},"end":{"line":31,"column":79}},"18":{"start":{"line":32,"column":4},"end":{"line":32,"column":16}}},"fnMap":{"0":{"name":"generateAppleJwt","decl":{"start":{"line":7,"column":22},"end":{"line":7,"column":38}},"loc":{"start":{"line":7,"column":55},"end":{"line":34,"column":1}}}},"branchMap":{"0":{"loc":{"start":{"line":12,"column":4},"end":{"line":15,"column":5}},"type":"if","locations":[{"start":{"line":12,"column":4},"end":{"line":15,"column":5}}]},"1":{"loc":{"start":{"line":12,"column":8},"end":{"line":12,"column":39}},"type":"binary-expr","locations":[{"start":{"line":12,"column":8},"end":{"line":12,"column":18}},{"start":{"line":12,"column":22},"end":{"line":12,"column":39}}]}},"s":{"0":4,"1":4,"2":4,"3":4,"4":4,"5":4,"6":5,"7":5,"8":5,"9":5,"10":5,"11":2,"12":2,"13":3,"14":3,"15":2,"16":1,"17":2,"18":2},"f":{"0":5},"b":{"0":[2],"1":[5,4]}}
,"/Users/jageen.shukla/Documents/Projects/Personal/RepliQ/repliq-backend/review-ingestion/src/utils/db.ts": {"path":"/Users/jageen.shukla/Documents/Projects/Personal/RepliQ/repliq-backend/review-ingestion/src/utils/db.ts","statementMap":{"0":{"start":{"line":9,"column":0},"end":{"line":9,"column":7}},"1":{"start":{"line":1,"column":0},"end":{"line":1,"column":42}},"2":{"start":{"line":2,"column":0},"end":{"line":2,"column":34}},"3":{"start":{"line":4,"column":12},"end":{"line":4,"column":103}},"4":{"start":{"line":5,"column":15},"end":{"line":5,"column":23}},"5":{"start":{"line":7,"column":33},"end":{"line":7,"column":37}},"6":{"start":{"line":10,"column":2},"end":{"line":14,"column":3}},"7":{"start":{"line":11,"column":4},"end":{"line":11,"column":59}},"8":{"start":{"line":12,"column":4},"end":{"line":12,"column":34}},"9":{"start":{"line":13,"column":4},"end":{"line":13,"column":27}},"10":{"start":{"line":15,"column":2},"end":{"line":15,"column":27}}},"fnMap":{"0":{"name":"getDb","decl":{"start":{"line":9,"column":22},"end":{"line":9,"column":27}},"loc":{"start":{"line":9,"column":27},"end":{"line":16,"column":1}}}},"branchMap":{"0":{"loc":{"start":{"line":4,"column":12},"end":{"line":4,"column":103}},"type":"binary-expr","locations":[{"start":{"line":4,"column":12},"end":{"line":4,"column":35}},{"start":{"line":4,"column":39},"end":{"line":4,"column":103}}]},"1":{"loc":{"start":{"line":10,"column":2},"end":{"line":14,"column":3}},"type":"if","locations":[{"start":{"line":10,"column":2},"end":{"line":14,"column":3}}]}},"s":{"0":5,"1":5,"2":5,"3":5,"4":5,"5":5,"6":2,"7":1,"8":1,"9":1,"10":2},"f":{"0":2},"b":{"0":[5,0],"1":[1]}}
,"/Users/jageen.shukla/Documents/Projects/Personal/RepliQ/repliq-backend/review-ingestion/src/utils/logger.ts": {"path":"/Users/jageen.shukla/Documents/Projects/Personal/RepliQ/repliq-backend/review-ingestion/src/utils/logger.ts","statementMap":{"0":{"start":{"line":56,"column":0},"end":{"line":56,"column":16}},"1":{"start":{"line":1,"column":0},"end":{"line":1,"column":30}},"2":{"start":{"line":2,"column":0},"end":{"line":2,"column":56}},"3":{"start":{"line":3,"column":0},"end":{"line":3,"column":28}},"4":{"start":{"line":4,"column":0},"end":{"line":4,"column":16}},"5":{"start":{"line":6,"column":18},"end":{"line":6,"column":50}},"6":{"start":{"line":8,"column":18},"end":{"line":18,"column":null}},"7":{"start":{"line":11,"column":4},"end":{"line":17,"column":7}},"8":{"start":{"line":21,"column":15},"end":{"line":40,"column":2}},"9":{"start":{"line":44,"column":2},"end":{"line":44,"column":48}},"10":{"start":{"line":47,"column":13},"end":{"line":53,"column":2}},"11":{"start":{"line":48,"column":79},"end":{"line":48,"column":121}},"12":{"start":{"line":49,"column":78},"end":{"line":49,"column":119}},"13":{"start":{"line":50,"column":78},"end":{"line":50,"column":119}},"14":{"start":{"line":51,"column":79},"end":{"line":51,"column":121}},"15":{"start":{"line":52,"column":79},"end":{"line":52,"column":121}},"16":{"start":{"line":57,"column":2},"end":{"line":63,"column":4}},"17":{"start":{"line":58,"column":81},"end":{"line":58,"column":140}},"18":{"start":{"line":59,"column":80},"end":{"line":59,"column":138}},"19":{"start":{"line":60,"column":80},"end":{"line":60,"column":138}},"20":{"start":{"line":61,"column":81},"end":{"line":61,"column":140}},"21":{"start":{"line":62,"column":81},"end":{"line":62,"column":140}}},"fnMap":{"0":{"name":"(anonymous_1)","decl":{"start":{"line":10,"column":24},"end":{"line":10,"column":25}},"loc":{"start":{"line":10,"column":73},"end":{"line":18,"column":3}}},"1":{"name":"logWithLevel","decl":{"start":{"line":43,"column":9},"end":{"line":43,"column":21}},"loc":{"start":{"line":43,"column":101},"end":{"line":45,"column":1}}},"2":{"name":"(anonymous_3)","decl":{"start":{"line":48,"column":9},"end":{"line":48,"column":10}},"loc":{"start":{"line":48,"column":79},"end":{"line":48,"column":121}}},"3":{"name":"(anonymous_4)","decl":{"start":{"line":49,"column":8},"end":{"line":49,"column":9}},"loc":{"start":{"line":49,"column":78},"end":{"line":49,"column":119}}},"4":{"name":"(anonymous_5)","decl":{"start":{"line":50,"column":8},"end":{"line":50,"column":9}},"loc":{"start":{"line":50,"column":78},"end":{"line":50,"column":119}}},"5":{"name":"(anonymous_6)","decl":{"start":{"line":51,"column":9},"end":{"line":51,"column":10}},"loc":{"start":{"line":51,"column":79},"end":{"line":51,"column":121}}},"6":{"name":"(anonymous_7)","decl":{"start":{"line":52,"column":9},"end":{"line":52,"column":10}},"loc":{"start":{"line":52,"column":79},"end":{"line":52,"column":121}}},"7":{"name":"createLoggerWithTags","decl":{"start":{"line":56,"column":16},"end":{"line":56,"column":36}},"loc":{"start":{"line":56,"column":55},"end":{"line":64,"column":1}}},"8":{"name":"(anonymous_9)","decl":{"start":{"line":58,"column":11},"end":{"line":58,"column":12}},"loc":{"start":{"line":58,"column":81},"end":{"line":58,"column":140}}},"9":{"name":"(anonymous_10)","decl":{"start":{"line":59,"column":10},"end":{"line":59,"column":11}},"loc":{"start":{"line":59,"column":80},"end":{"line":59,"column":138}}},"10":{"name":"(anonymous_11)","decl":{"start":{"line":60,"column":10},"end":{"line":60,"column":11}},"loc":{"start":{"line":60,"column":80},"end":{"line":60,"column":138}}},"11":{"name":"(anonymous_12)","decl":{"start":{"line":61,"column":11},"end":{"line":61,"column":12}},"loc":{"start":{"line":61,"column":81},"end":{"line":61,"column":140}}},"12":{"name":"(anonymous_13)","decl":{"start":{"line":62,"column":11},"end":{"line":62,"column":12}},"loc":{"start":{"line":62,"column":81},"end":{"line":62,"column":140}}}},"branchMap":{"0":{"loc":{"start":{"line":6,"column":18},"end":{"line":6,"column":50}},"type":"binary-expr","locations":[{"start":{"line":6,"column":18},"end":{"line":6,"column":39}},{"start":{"line":6,"column":43},"end":{"line":6,"column":50}}]},"1":{"loc":{"start":{"line":43,"column":71},"end":{"line":43,"column":101}},"type":"default-arg","locations":[{"start":{"line":43,"column":99},"end":{"line":43,"column":101}}]},"2":{"loc":{"start":{"line":48,"column":44},"end":{"line":48,"column":74}},"type":"default-arg","locations":[{"start":{"line":48,"column":72},"end":{"line":48,"column":74}}]},"3":{"loc":{"start":{"line":49,"column":43},"end":{"line":49,"column":73}},"type":"default-arg","locations":[{"start":{"line":49,"column":71},"end":{"line":49,"column":73}}]},"4":{"loc":{"start":{"line":50,"column":43},"end":{"line":50,"column":73}},"type":"default-arg","locations":[{"start":{"line":50,"column":71},"end":{"line":50,"column":73}}]},"5":{"loc":{"start":{"line":51,"column":44},"end":{"line":51,"column":74}},"type":"default-arg","locations":[{"start":{"line":51,"column":72},"end":{"line":51,"column":74}}]},"6":{"loc":{"start":{"line":52,"column":44},"end":{"line":52,"column":74}},"type":"default-arg","locations":[{"start":{"line":52,"column":72},"end":{"line":52,"column":74}}]},"7":{"loc":{"start":{"line":58,"column":46},"end":{"line":58,"column":76}},"type":"default-arg","locations":[{"start":{"line":58,"column":74},"end":{"line":58,"column":76}}]},"8":{"loc":{"start":{"line":58,"column":121},"end":{"line":58,"column":131}},"type":"binary-expr","locations":[{"start":{"line":58,"column":121},"end":{"line":58,"column":125}},{"start":{"line":58,"column":129},"end":{"line":58,"column":131}}]},"9":{"loc":{"start":{"line":59,"column":45},"end":{"line":59,"column":75}},"type":"default-arg","locations":[{"start":{"line":59,"column":73},"end":{"line":59,"column":75}}]},"10":{"loc":{"start":{"line":59,"column":119},"end":{"line":59,"column":129}},"type":"binary-expr","locations":[{"start":{"line":59,"column":119},"end":{"line":59,"column":123}},{"start":{"line":59,"column":127},"end":{"line":59,"column":129}}]},"11":{"loc":{"start":{"line":60,"column":45},"end":{"line":60,"column":75}},"type":"default-arg","locations":[{"start":{"line":60,"column":73},"end":{"line":60,"column":75}}]},"12":{"loc":{"start":{"line":60,"column":119},"end":{"line":60,"column":129}},"type":"binary-expr","locations":[{"start":{"line":60,"column":119},"end":{"line":60,"column":123}},{"start":{"line":60,"column":127},"end":{"line":60,"column":129}}]},"13":{"loc":{"start":{"line":61,"column":46},"end":{"line":61,"column":76}},"type":"default-arg","locations":[{"start":{"line":61,"column":74},"end":{"line":61,"column":76}}]},"14":{"loc":{"start":{"line":61,"column":121},"end":{"line":61,"column":131}},"type":"binary-expr","locations":[{"start":{"line":61,"column":121},"end":{"line":61,"column":125}},{"start":{"line":61,"column":129},"end":{"line":61,"column":131}}]},"15":{"loc":{"start":{"line":62,"column":46},"end":{"line":62,"column":76}},"type":"default-arg","locations":[{"start":{"line":62,"column":74},"end":{"line":62,"column":76}}]},"16":{"loc":{"start":{"line":62,"column":121},"end":{"line":62,"column":131}},"type":"binary-expr","locations":[{"start":{"line":62,"column":121},"end":{"line":62,"column":125}},{"start":{"line":62,"column":129},"end":{"line":62,"column":131}}]}},"s":{"0":8,"1":8,"2":8,"3":8,"4":8,"5":8,"6":8,"7":10,"8":8,"9":16,"10":8,"11":7,"12":1,"13":4,"14":3,"15":1,"16":2,"17":0,"18":0,"19":2,"20":0,"21":0},"f":{"0":10,"1":16,"2":7,"3":1,"4":4,"5":3,"6":1,"7":2,"8":0,"9":0,"10":2,"11":0,"12":0},"b":{"0":[8,8],"1":[0],"2":[2],"3":[0],"4":[1],"5":[0],"6":[0],"7":[0],"8":[0,0],"9":[0],"10":[0,0],"11":[1],"12":[2,0],"13":[0],"14":[0,0],"15":[0],"16":[0,0]}}
}
