TN:
SF:src/controllers/healthController.ts
FN:11,(anonymous_0)
FNF:1
FNH:1
FNDA:1,(anonymous_0)
DA:3,1
DA:5,1
DA:6,1
DA:8,1
DA:11,1
DA:12,1
DA:13,1
DA:17,1
DA:19,1
DA:20,1
DA:21,1
DA:22,1
DA:24,0
DA:25,0
DA:28,1
LF:15
LH:13
BRDA:22,0,0,1
BRDA:22,0,1,0
BRF:2
BRH:1
end_of_record
TN:
SF:src/controllers/reviewIngestionController.ts
FN:8,(anonymous_1)
FN:22,(anonymous_2)
FN:29,(anonymous_3)
FN:36,(anonymous_4)
FN:115,(anonymous_5)
FNF:5
FNH:5
FNDA:4,(anonymous_1)
FNDA:1,(anonymous_2)
FNDA:2,(anonymous_3)
FNDA:2,(anonymous_4)
FNDA:2,(anonymous_5)
DA:2,1
DA:3,1
DA:4,1
DA:5,1
DA:6,1
DA:8,1
DA:9,4
DA:10,4
DA:11,4
DA:13,4
DA:14,4
DA:15,3
DA:17,3
DA:18,3
DA:19,1
DA:20,1
DA:22,1
DA:26,2
DA:27,2
DA:29,2
DA:30,2
DA:31,2
DA:35,2
DA:37,2
DA:38,2
DA:39,2
DA:40,2
DA:41,2
DA:43,2
DA:44,2
DA:45,2
DA:47,2
DA:48,2
DA:49,2
DA:51,2
DA:52,2
DA:53,2
DA:54,2
DA:55,1
DA:56,1
DA:59,1
DA:67,1
DA:68,1
DA:70,0
DA:72,0
DA:73,0
DA:75,0
DA:80,2
DA:81,2
DA:85,0
DA:89,0
DA:94,2
DA:96,2
DA:98,2
DA:100,1
DA:101,1
DA:103,0
DA:108,2
DA:110,1
DA:115,1
DA:116,2
DA:118,2
DA:122,2
DA:123,2
DA:130,0
LF:65
LH:57
BRDA:18,0,0,1
BRDA:26,1,0,2
BRDA:26,1,1,0
BRDA:37,2,0,2
BRDA:37,2,1,0
BRDA:41,3,0,0
BRDA:47,4,0,4
BRDA:47,4,1,2
BRDA:54,5,0,1
BRDA:70,6,0,0
BRDA:70,6,1,0
BRDA:98,7,0,1
BRDA:118,8,0,1
BRDA:118,8,1,1
BRF:14
BRH:9
end_of_record
TN:
SF:src/models/Connector.ts
FNF:0
FNH:0
DA:2,3
DA:4,3
LF:2
LH:2
BRF:0
BRH:0
end_of_record
TN:
SF:src/services/connectorService.ts
FN:8,findConnectorByBundleId
FN:18,insertConnector
FN:26,findConnectorById
FN:32,findConnectors
FNF:4
FNH:4
FNDA:1,findConnectorByBundleId
FNDA:2,insertConnector
FNDA:2,findConnectorById
FNDA:2,findConnectors
DA:2,3
DA:3,3
DA:4,3
DA:5,3
DA:8,3
DA:9,1
DA:11,1
DA:12,1
DA:13,1
DA:14,1
DA:18,3
DA:19,2
DA:21,2
DA:22,1
DA:26,3
DA:27,2
DA:28,2
DA:32,3
DA:33,2
DA:34,2
LF:20
LH:20
BRDA:8,0,0,0
BRDA:9,1,0,1
BRDA:9,1,1,1
BRDA:19,2,0,2
BRDA:19,2,1,2
BRDA:27,3,0,2
BRDA:27,3,1,2
BRDA:32,4,0,1
BRDA:33,5,0,2
BRDA:33,5,1,2
BRF:10
BRH:9
end_of_record
TN:
SF:src/services/healthService.ts
FN:1,getHealthStatus
FNF:1
FNH:1
FNDA:1,getHealthStatus
DA:1,2
DA:2,1
LF:2
LH:2
BRF:0
BRH:0
end_of_record
TN:
SF:src/services/notificationService.ts
FN:13,(anonymous_1)
FN:18,(anonymous_2)
FNF:2
FNH:2
FNDA:2,(anonymous_1)
FNDA:2,(anonymous_2)
DA:1,2
DA:2,2
DA:12,2
DA:14,2
DA:15,2
DA:19,2
DA:68,2
DA:69,2
DA:75,1
DA:76,1
LF:10
LH:10
BRDA:14,0,0,2
BRDA:14,0,1,2
BRF:2
BRH:2
end_of_record
TN:
SF:src/services/processReviewService.ts
FN:5,(anonymous_1)
FN:10,(anonymous_2)
FNF:2
FNH:2
FNDA:2,(anonymous_1)
FNDA:2,(anonymous_2)
DA:2,2
DA:6,2
DA:7,2
DA:11,2
DA:12,2
DA:23,1
DA:28,2
LF:7
LH:7
BRDA:6,0,0,2
BRDA:6,0,1,2
BRF:2
BRH:2
end_of_record
TN:
SF:src/services/appleApiService/index.ts
FN:18,(anonymous_1)
FN:23,(anonymous_2)
FN:36,(anonymous_3)
FN:48,(anonymous_4)
FN:55,(anonymous_5)
FN:74,(anonymous_6)
FN:97,(anonymous_7)
FNF:7
FNH:7
FNDA:8,(anonymous_1)
FNDA:10,(anonymous_2)
FNDA:7,(anonymous_3)
FNDA:1,(anonymous_4)
FNDA:3,(anonymous_5)
FNDA:3,(anonymous_6)
FNDA:2,(anonymous_7)
DA:1,2
DA:2,2
DA:3,2
DA:5,2
DA:7,2
DA:8,2
DA:11,2
DA:13,8
DA:14,8
DA:15,8
DA:19,8
DA:20,8
DA:24,10
DA:25,10
DA:26,10
DA:27,9
DA:28,9
DA:29,9
DA:30,45
DA:33,8
DA:37,7
DA:38,7
DA:39,7
DA:40,7
DA:41,6
DA:42,6
DA:43,6
DA:45,6
DA:49,1
DA:50,1
DA:60,3
DA:61,3
DA:62,3
DA:63,3
DA:64,5
DA:65,4
DA:66,4
DA:67,4
DA:68,4
DA:70,2
DA:78,3
DA:79,2
DA:80,2
DA:81,0
DA:82,0
DA:84,2
DA:86,2
DA:87,1
DA:88,1
DA:90,1
DA:92,1
DA:102,2
DA:103,2
DA:104,2
DA:105,0
DA:106,0
DA:108,2
DA:110,2
DA:111,2
DA:112,1
DA:113,1
DA:114,1
DA:115,1
DA:123,1
DA:128,1
LF:65
LH:61
BRDA:18,0,0,0
BRDA:23,1,0,10
BRDA:26,2,0,1
BRDA:27,3,0,0
BRDA:30,4,0,1
BRDA:38,5,0,7
BRDA:38,6,0,7
BRDA:38,6,1,1
BRDA:40,7,0,1
BRDA:42,8,0,6
BRDA:42,8,1,0
BRDA:43,9,0,6
BRDA:43,9,1,0
BRDA:58,10,0,3
BRDA:65,11,0,4
BRDA:65,11,1,0
BRDA:76,12,0,2
BRDA:80,13,0,0
BRDA:80,14,0,2
BRDA:80,14,1,1
BRDA:86,15,0,1
BRDA:86,15,1,1
BRDA:103,16,0,2
BRDA:103,16,1,2
BRDA:104,17,0,0
BRDA:104,18,0,2
BRDA:104,18,1,0
BRDA:104,18,2,0
BRDA:113,19,0,0
BRDA:113,19,1,1
BRDA:114,20,0,0
BRDA:114,20,1,1
BRDA:114,21,0,1
BRDA:114,21,1,1
BRDA:118,22,0,1
BRDA:118,22,1,1
BRDA:125,23,0,1
BRDA:125,23,1,0
BRF:38
BRH:26
end_of_record
TN:
SF:src/utils/appleJwt.ts
FN:7,generateAppleJwt
FNF:1
FNH:1
FNDA:5,generateAppleJwt
DA:1,4
DA:2,4
DA:3,4
DA:4,4
DA:5,4
DA:7,4
DA:8,5
DA:9,5
DA:10,5
DA:11,5
DA:12,5
DA:13,2
DA:14,2
DA:16,3
DA:17,3
DA:18,2
DA:29,1
DA:31,2
DA:32,2
LF:19
LH:19
BRDA:12,0,0,2
BRDA:12,1,0,5
BRDA:12,1,1,4
BRF:3
BRH:3
end_of_record
TN:
SF:src/utils/db.ts
FN:9,getDb
FNF:1
FNH:1
FNDA:2,getDb
DA:1,5
DA:2,5
DA:4,5
DA:5,5
DA:7,5
DA:9,5
DA:10,2
DA:11,1
DA:12,1
DA:13,1
DA:15,2
LF:11
LH:11
BRDA:4,0,0,5
BRDA:4,0,1,0
BRDA:10,1,0,1
BRF:3
BRH:2
end_of_record
TN:
SF:src/utils/logger.ts
FN:10,(anonymous_1)
FN:43,logWithLevel
FN:48,(anonymous_3)
FN:49,(anonymous_4)
FN:50,(anonymous_5)
FN:51,(anonymous_6)
FN:52,(anonymous_7)
FN:56,createLoggerWithTags
FN:58,(anonymous_9)
FN:59,(anonymous_10)
FN:60,(anonymous_11)
FN:61,(anonymous_12)
FN:62,(anonymous_13)
FNF:13
FNH:9
FNDA:10,(anonymous_1)
FNDA:16,logWithLevel
FNDA:7,(anonymous_3)
FNDA:1,(anonymous_4)
FNDA:4,(anonymous_5)
FNDA:3,(anonymous_6)
FNDA:1,(anonymous_7)
FNDA:2,createLoggerWithTags
FNDA:0,(anonymous_9)
FNDA:0,(anonymous_10)
FNDA:2,(anonymous_11)
FNDA:0,(anonymous_12)
FNDA:0,(anonymous_13)
DA:1,8
DA:2,8
DA:3,8
DA:4,8
DA:6,8
DA:8,8
DA:11,10
DA:21,8
DA:44,16
DA:47,8
DA:48,7
DA:49,1
DA:50,4
DA:51,3
DA:52,1
DA:56,8
DA:57,2
DA:58,0
DA:59,0
DA:60,2
DA:61,0
DA:62,0
LF:22
LH:18
BRDA:6,0,0,8
BRDA:6,0,1,8
BRDA:43,1,0,0
BRDA:48,2,0,2
BRDA:49,3,0,0
BRDA:50,4,0,1
BRDA:51,5,0,0
BRDA:52,6,0,0
BRDA:58,7,0,0
BRDA:58,8,0,0
BRDA:58,8,1,0
BRDA:59,9,0,0
BRDA:59,10,0,0
BRDA:59,10,1,0
BRDA:60,11,0,1
BRDA:60,12,0,2
BRDA:60,12,1,0
BRDA:61,13,0,0
BRDA:61,14,0,0
BRDA:61,14,1,0
BRDA:62,15,0,0
BRDA:62,16,0,0
BRDA:62,16,1,0
BRF:23
BRH:6
end_of_record
